<?xml version="1.0" encoding="UTF-8"?>
<!-- Generated by org.testng.reporters.JUnitXMLReporter -->
<testsuite ignored="0" hostname="SriniRepala" failures="0" tests="3" name="Default test" time="9.933" errors="0" timestamp="2024-04-18T12:02:28 SAST">
  <testcase classname="APITests.Get_Requests" name="getFifthMovieandChecktheProducers" time="4.869"/>
  <testcase classname="APITests.Get_Requests" name="getListOfMoviesandCount" time="3.447"/>
  <testcase classname="APITests.Get_Requests" name="getThirdMovieandChecktheDirector" time="1.569"/>
</testsuite> <!-- Default test -->
