<?xml version="1.0" encoding="UTF-8"?>
<!-- Generated by org.testng.reporters.JUnitXMLReporter -->
<testsuite ignored="0" hostname="SriniRepala" failures="0" tests="3" name="Test" time="10.552" errors="0" timestamp="2024-04-18T12:03:10 SAST">
  <testcase classname="APITests.Get_Requests" name="getFifthMovieandChecktheProducers" time="6.109"/>
  <testcase classname="APITests.Get_Requests" name="getListOfMoviesandCount" time="2.852"/>
  <testcase classname="APITests.Get_Requests" name="getThirdMovieandChecktheDirector" time="1.546"/>
</testsuite> <!-- Test -->
