<?xml version="1.0" encoding="UTF-8"?>
<testng-results ignored="0" total="3" passed="3" failed="0" skipped="0">
  <reporter-output>
  </reporter-output>
  <suite started-at="2024-04-18T12:03:00 SAST" name="Suite" finished-at="2024-04-18T12:03:10 SAST" duration-ms="10552">
    <groups>
    </groups>
    <test started-at="2024-04-18T12:03:00 SAST" name="Test" finished-at="2024-04-18T12:03:10 SAST" duration-ms="10552">
      <class name="APITests.Get_Requests">
        <test-method is-config="true" signature="setUp()[pri:0, instance:APITests.Get_Requests@128d2484]" started-at="2024-04-18T12:03:00 SAST" name="setUp" finished-at="2024-04-18T12:03:00 SAST" duration-ms="9" status="PASS">
          <reporter-output>
          </reporter-output>
        </test-method> <!-- setUp -->
        <test-method signature="getFifthMovieandChecktheProducers()[pri:0, instance:APITests.Get_Requests@128d2484]" started-at="2024-04-18T12:03:00 SAST" name="getFifthMovieandChecktheProducers" finished-at="2024-04-18T12:03:06 SAST" duration-ms="6109" status="PASS">
          <reporter-output>
          </reporter-output>
        </test-method> <!-- getFifthMovieandChecktheProducers -->
        <test-method signature="getListOfMoviesandCount()[pri:0, instance:APITests.Get_Requests@128d2484]" started-at="2024-04-18T12:03:06 SAST" name="getListOfMoviesandCount" finished-at="2024-04-18T12:03:09 SAST" duration-ms="2852" status="PASS">
          <reporter-output>
          </reporter-output>
        </test-method> <!-- getListOfMoviesandCount -->
        <test-method signature="getThirdMovieandChecktheDirector()[pri:0, instance:APITests.Get_Requests@128d2484]" started-at="2024-04-18T12:03:09 SAST" name="getThirdMovieandChecktheDirector" finished-at="2024-04-18T12:03:10 SAST" duration-ms="1546" status="PASS">
          <reporter-output>
          </reporter-output>
        </test-method> <!-- getThirdMovieandChecktheDirector -->
        <test-method is-config="true" signature="tearDown()[pri:0, instance:APITests.Get_Requests@128d2484]" started-at="2024-04-18T12:03:10 SAST" name="tearDown" finished-at="2024-04-18T12:03:10 SAST" duration-ms="0" status="PASS">
          <reporter-output>
          </reporter-output>
        </test-method> <!-- tearDown -->
      </class> <!-- APITests.Get_Requests -->
    </test> <!-- Test -->
  </suite> <!-- Suite -->
</testng-results>
